<?xml version="1.0" encoding="UTF-8"?>
<!-- Generated by org.testng.reporters.JUnitXMLReporter -->
<testsuite ignored="28" hostname="LAPTOP-9O068DHJ" failures="2" tests="8" name="chromeTest" time="60.92" errors="0" timestamp="2023-06-15T08:25:42 EDT">
  <testcase classname="com.salesforceseleniumtest.SalesForceBaseClass" name="@BeforeMethod setBeforeTestMethod" time="0.975">
    <failure type="java.lang.NullPointerException">
      <![CDATA[java.lang.NullPointerException
at com.salesforceseleniumtest.SalesForceBaseClass.launchBrowser(SalesForceBaseClass.java:76)
at com.salesforceseleniumtest.SalesForceBaseClass.setBeforeTestMethod(SalesForceBaseClass.java:65)
at java.base/java.util.ArrayList.forEach(ArrayList.java:1541)
... Removed 35 stack frames]]>
    </failure>
  </testcase> <!-- @BeforeMethod setBeforeTestMethod -->
  <testcase classname="com.salesforceseleniumtest.SalesForceBaseClass" name="@AfterMethod tearDownAfterMethod" time="0.0">
    <skipped/>
  </testcase> <!-- @AfterMethod tearDownAfterMethod -->
  <testcase classname="com.salesforceseleniumtest.SalesForceBaseClass" name="@BeforeMethod setBeforeTestMethod" time="0.0">
    <skipped/>
  </testcase> <!-- @BeforeMethod setBeforeTestMethod -->
  <testcase classname="com.salesforceseleniumtest.SalesForceBaseClass" name="@AfterMethod tearDownAfterMethod" time="0.0">
    <skipped/>
  </testcase> <!-- @AfterMethod tearDownAfterMethod -->
  <testcase classname="com.salesforceseleniumtest.SalesForceBaseClass" name="@BeforeMethod setBeforeTestMethod" time="0.0">
    <skipped/>
  </testcase> <!-- @BeforeMethod setBeforeTestMethod -->
  <testcase classname="com.salesforceseleniumtest.SalesForceBaseClass" name="@AfterMethod tearDownAfterMethod" time="0.0">
    <skipped/>
  </testcase> <!-- @AfterMethod tearDownAfterMethod -->
  <testcase classname="com.salesforceseleniumtest.SalesForceBaseClass" name="@BeforeMethod setBeforeTestMethod" time="0.0">
    <skipped/>
  </testcase> <!-- @BeforeMethod setBeforeTestMethod -->
  <testcase classname="com.salesforceseleniumtest.SalesForceBaseClass" name="@AfterMethod tearDownAfterMethod" time="0.0">
    <skipped/>
  </testcase> <!-- @AfterMethod tearDownAfterMethod -->
  <testcase classname="com.salesforceseleniumtest.SalesForceAutomationTestScript" name="Testquarterlysummaryreport" time="19.407"/>
  <testcase classname="com.salesforceseleniumtest.SalesForceAutomationTestScript" name="createNewView" time="28.55"/>
  <testcase classname="com.salesforceseleniumtest.SalesForceAutomationTestScript" name="loginToSalesForceTestScript" time="2.283">
    <failure type="org.openqa.selenium.NoSuchWindowException" message="no such window: target window already closed
from unknown error: web view not found
  (Session info: chrome=114.0.5735.110)
Build info: version: &amp;apos;4.9.1&amp;apos;, revision: &amp;apos;eb2032df7f&amp;apos;
System info: os.name: &amp;apos;Windows 11&amp;apos;, os.arch: &amp;apos;amd64&amp;apos;, os.version: &amp;apos;10.0&amp;apos;, java.version: &amp;apos;11.0.15&amp;apos;
Driver info: org.openqa.selenium.chrome.ChromeDriver
Command: [decc7f2ddfa5f2136c45af15a061549c, findElement {using=xpath, value=//span[contains(@id,userNavLabel)]}]
Capabilities {acceptInsecureCerts: false, browserName: chrome, browserVersion: 114.0.5735.110, chrome: {chromedriverVersion: 114.0.5735.90 (386bc09e8f4f..., userDataDir: C:\Users\manis\AppData\Loca...}, goog:chromeOptions: {debuggerAddress: localhost:65493}, networkConnectionEnabled: false, pageLoadStrategy: normal, platformName: windows, proxy: Proxy(), se:cdp: ws://localhost:65493/devtoo..., se:cdpVersion: 114.0.5735.110, setWindowRect: true, strictFileInteractability: false, timeouts: {implicit: 0, pageLoad: 300000, script: 30000}, unhandledPromptBehavior: dismiss and notify, webauthn:extension:credBlob: true, webauthn:extension:largeBlob: true, webauthn:extension:minPinLength: true, webauthn:extension:prf: true, webauthn:virtualAuthenticators: true}
Session ID: decc7f2ddfa5f2136c45af15a061549c">
      <![CDATA[org.openqa.selenium.NoSuchWindowException: no such window: target window already closed
from unknown error: web view not found
  (Session info: chrome=114.0.5735.110)
Build info: version: '4.9.1', revision: 'eb2032df7f'
System info: os.name: 'Windows 11', os.arch: 'amd64', os.version: '10.0', java.version: '11.0.15'
Driver info: org.openqa.selenium.chrome.ChromeDriver
Command: [decc7f2ddfa5f2136c45af15a061549c, findElement {using=xpath, value=//span[contains(@id,userNavLabel)]}]
Capabilities {acceptInsecureCerts: false, browserName: chrome, browserVersion: 114.0.5735.110, chrome: {chromedriverVersion: 114.0.5735.90 (386bc09e8f4f..., userDataDir: C:\Users\manis\AppData\Loca...}, goog:chromeOptions: {debuggerAddress: localhost:65493}, networkConnectionEnabled: false, pageLoadStrategy: normal, platformName: windows, proxy: Proxy(), se:cdp: ws://localhost:65493/devtoo..., se:cdpVersion: 114.0.5735.110, setWindowRect: true, strictFileInteractability: false, timeouts: {implicit: 0, pageLoad: 300000, script: 30000}, unhandledPromptBehavior: dismiss and notify, webauthn:extension:credBlob: true, webauthn:extension:largeBlob: true, webauthn:extension:minPinLength: true, webauthn:extension:prf: true, webauthn:virtualAuthenticators: true}
Session ID: decc7f2ddfa5f2136c45af15a061549c
at org.openqa.selenium.remote.codec.w3c.W3CHttpResponseCodec.createException(W3CHttpResponseCodec.java:200)
at org.openqa.selenium.remote.codec.w3c.W3CHttpResponseCodec.decode(W3CHttpResponseCodec.java:133)
at org.openqa.selenium.remote.codec.w3c.W3CHttpResponseCodec.decode(W3CHttpResponseCodec.java:53)
at org.openqa.selenium.remote.HttpCommandExecutor.execute(HttpCommandExecutor.java:193)
at org.openqa.selenium.remote.service.DriverCommandExecutor.invokeExecute(DriverCommandExecutor.java:183)
at org.openqa.selenium.remote.service.DriverCommandExecutor.execute(DriverCommandExecutor.java:158)
at org.openqa.selenium.remote.RemoteWebDriver.execute(RemoteWebDriver.java:543)
at org.openqa.selenium.remote.ElementLocation$ElementFinder$2.findElement(ElementLocation.java:162)
at org.openqa.selenium.remote.ElementLocation.findElement(ElementLocation.java:60)
at org.openqa.selenium.remote.RemoteWebDriver.findElement(RemoteWebDriver.java:352)
at org.openqa.selenium.remote.RemoteWebDriver.findElement(RemoteWebDriver.java:344)
at com.salesforceseleniumtest.SalesForceAutomationTestScript.loginToSalesForceTestScript(SalesForceAutomationTestScript.java:54)
at java.base/java.util.ArrayList.forEach(ArrayList.java:1541)
... Removed 35 stack frames]]>
    </failure>
  </testcase> <!-- loginToSalesForceTestScript -->
  <testcase classname="com.salesforceseleniumtest.SalesForceAutomationTestScript" name="mergeAccounts" time="1.346">
    <failure type="org.openqa.selenium.NoSuchWindowException" message="no such window: target window already closed
from unknown error: web view not found
  (Session info: chrome=114.0.5735.110)
Build info: version: &amp;apos;4.9.1&amp;apos;, revision: &amp;apos;eb2032df7f&amp;apos;
System info: os.name: &amp;apos;Windows 11&amp;apos;, os.arch: &amp;apos;amd64&amp;apos;, os.version: &amp;apos;10.0&amp;apos;, java.version: &amp;apos;11.0.15&amp;apos;
Driver info: org.openqa.selenium.chrome.ChromeDriver
Command: [39a6b68253e3b2e77d7a17611bc21cf2, findElement {using=xpath, value=//input[@id=&amp;apos;username&amp;apos;]}]
Capabilities {acceptInsecureCerts: false, browserName: chrome, browserVersion: 114.0.5735.110, chrome: {chromedriverVersion: 114.0.5735.90 (386bc09e8f4f..., userDataDir: C:\Users\manis\AppData\Loca...}, goog:chromeOptions: {debuggerAddress: localhost:65523}, networkConnectionEnabled: false, pageLoadStrategy: normal, platformName: windows, proxy: Proxy(), se:cdp: ws://localhost:65523/devtoo..., se:cdpVersion: 114.0.5735.110, setWindowRect: true, strictFileInteractability: false, timeouts: {implicit: 0, pageLoad: 300000, script: 30000}, unhandledPromptBehavior: dismiss and notify, webauthn:extension:credBlob: true, webauthn:extension:largeBlob: true, webauthn:extension:minPinLength: true, webauthn:extension:prf: true, webauthn:virtualAuthenticators: true}
Session ID: 39a6b68253e3b2e77d7a17611bc21cf2">
      <![CDATA[org.openqa.selenium.NoSuchWindowException: no such window: target window already closed
from unknown error: web view not found
  (Session info: chrome=114.0.5735.110)
Build info: version: '4.9.1', revision: 'eb2032df7f'
System info: os.name: 'Windows 11', os.arch: 'amd64', os.version: '10.0', java.version: '11.0.15'
Driver info: org.openqa.selenium.chrome.ChromeDriver
Command: [39a6b68253e3b2e77d7a17611bc21cf2, findElement {using=xpath, value=//input[@id='username']}]
Capabilities {acceptInsecureCerts: false, browserName: chrome, browserVersion: 114.0.5735.110, chrome: {chromedriverVersion: 114.0.5735.90 (386bc09e8f4f..., userDataDir: C:\Users\manis\AppData\Loca...}, goog:chromeOptions: {debuggerAddress: localhost:65523}, networkConnectionEnabled: false, pageLoadStrategy: normal, platformName: windows, proxy: Proxy(), se:cdp: ws://localhost:65523/devtoo..., se:cdpVersion: 114.0.5735.110, setWindowRect: true, strictFileInteractability: false, timeouts: {implicit: 0, pageLoad: 300000, script: 30000}, unhandledPromptBehavior: dismiss and notify, webauthn:extension:credBlob: true, webauthn:extension:largeBlob: true, webauthn:extension:minPinLength: true, webauthn:extension:prf: true, webauthn:virtualAuthenticators: true}
Session ID: 39a6b68253e3b2e77d7a17611bc21cf2
at org.openqa.selenium.remote.codec.w3c.W3CHttpResponseCodec.createException(W3CHttpResponseCodec.java:200)
at org.openqa.selenium.remote.codec.w3c.W3CHttpResponseCodec.decode(W3CHttpResponseCodec.java:133)
at org.openqa.selenium.remote.codec.w3c.W3CHttpResponseCodec.decode(W3CHttpResponseCodec.java:53)
at org.openqa.selenium.remote.HttpCommandExecutor.execute(HttpCommandExecutor.java:193)
at org.openqa.selenium.remote.service.DriverCommandExecutor.invokeExecute(DriverCommandExecutor.java:183)
at org.openqa.selenium.remote.service.DriverCommandExecutor.execute(DriverCommandExecutor.java:158)
at org.openqa.selenium.remote.RemoteWebDriver.execute(RemoteWebDriver.java:543)
at org.openqa.selenium.remote.ElementLocation$ElementFinder$2.findElement(ElementLocation.java:162)
at org.openqa.selenium.remote.ElementLocation.findElement(ElementLocation.java:60)
at org.openqa.selenium.remote.RemoteWebDriver.findElement(RemoteWebDriver.java:352)
at org.openqa.selenium.remote.RemoteWebDriver.findElement(RemoteWebDriver.java:344)
at com.salesforceseleniumtest.SalesForceAutomationTestScript.mergeAccounts(SalesForceAutomationTestScript.java:788)
at java.base/java.util.ArrayList.forEach(ArrayList.java:1541)
... Removed 35 stack frames]]>
    </failure>
  </testcase> <!-- mergeAccounts -->
  <testcase classname="com.salesforceseleniumtest.SalesForceAutomationTestScript1" name="cancelButtonWorks" time="0.0">
    <skipped/>
  </testcase> <!-- cancelButtonWorks -->
  <testcase classname="com.salesforceseleniumtest.SalesForceAutomationTestScript1" name="checkErrormessage" time="0.0">
    <skipped/>
  </testcase> <!-- checkErrormessage -->
  <testcase classname="com.salesforceseleniumtest.SalesForceAutomationTestScript1" name="verifyEditedLastName" time="0.0">
    <skipped/>
  </testcase> <!-- verifyEditedLastName -->
  <testcase classname="com.salesforceseleniumtest.SalesForceAutomationTestScript1" name="verifyFirstNmeLastNme" time="0.0">
    <skipped/>
  </testcase> <!-- verifyFirstNmeLastNme -->
  <testcase classname="com.salesforceseleniumtest.SalesForceAutomationTestScript" name="forgetYourPassword" time="0.0">
    <ignored/>
  </testcase> <!-- forgetYourPassword -->
  <testcase classname="com.salesforceseleniumtest.SalesForceAutomationTestScript" name="createAnAccount" time="0.0">
    <ignored/>
  </testcase> <!-- createAnAccount -->
  <testcase classname="com.salesforceseleniumtest.SalesForceAutomationTestScript" name="logoutOptionFromUserMenu" time="0.0">
    <ignored/>
  </testcase> <!-- logoutOptionFromUserMenu -->
  <testcase classname="com.salesforceseleniumtest.SalesForceAutomationTestScript1" name="checkMyContacts" time="0.0">
    <ignored/>
  </testcase> <!-- checkMyContacts -->
  <testcase classname="com.salesforceseleniumtest.SalesForceAutomationTestScript1" name="checkTheSaveAndNewButtonWorks" time="0.0">
    <ignored/>
  </testcase> <!-- checkTheSaveAndNewButtonWorks -->
  <testcase classname="com.salesforceseleniumtest.SalesForceAutomationTestScript" name="createAccountReportField" time="0.0">
    <ignored/>
  </testcase> <!-- createAccountReportField -->
  <testcase classname="com.salesforceseleniumtest.SalesForceAutomationTestScript" name="editView" time="0.0">
    <ignored/>
  </testcase> <!-- editView -->
  <testcase classname="com.salesforceseleniumtest.SalesForceAutomationTestScript1" name="leadsSelectView" time="0.0">
    <ignored/>
  </testcase> <!-- leadsSelectView -->
  <testcase classname="com.salesforceseleniumtest.SalesForceAutomationTestScript" name="createNewOpty" time="0.0">
    <ignored/>
  </testcase> <!-- createNewOpty -->
  <testcase classname="com.salesforceseleniumtest.SalesForceAutomationTestScript1" name="name" time="0.0">
    <ignored/>
  </testcase> <!-- name -->
  <testcase classname="com.salesforceseleniumtest.SalesForceAutomationTestScript" name="developerConsole" time="0.0">
    <ignored/>
  </testcase> <!-- developerConsole -->
  <testcase classname="com.salesforceseleniumtest.SalesForceAutomationTestScript1" name="todaysLeadsWork" time="0.0">
    <ignored/>
  </testcase> <!-- todaysLeadsWork -->
  <testcase classname="com.salesforceseleniumtest.SalesForceBaseClass" name="@BeforeTest setParamsBeforeTest" time="0.0">
    <ignored/>
  </testcase> <!-- @BeforeTest setParamsBeforeTest -->
  <testcase classname="com.salesforceseleniumtest.SalesForceAutomationTestScript" name="TeststuckOpportunitiesReport" time="0.0">
    <ignored/>
  </testcase> <!-- TeststuckOpportunitiesReport -->
  <testcase classname="com.salesforceseleniumtest.SalesForceAutomationTestScript" name="mySettingFromUserMenudrpdwn" time="0.0">
    <ignored/>
  </testcase> <!-- mySettingFromUserMenudrpdwn -->
  <testcase classname="com.salesforceseleniumtest.SalesForceAutomationTestScript1" name="createNewContact" time="0.0">
    <ignored/>
  </testcase> <!-- createNewContact -->
  <testcase classname="com.salesforceseleniumtest.SalesForceAutomationTestScript1" name="newViewContactPage" time="0.0">
    <ignored/>
  </testcase> <!-- newViewContactPage -->
  <testcase classname="com.salesforceseleniumtest.SalesForceAutomationTestScript" name="myProfileFromUserMenudrpdwn" time="0.0">
    <ignored/>
  </testcase> <!-- myProfileFromUserMenudrpdwn -->
  <testcase classname="com.salesforceseleniumtest.SalesForceAutomationTestScript1" name="verifyTabCustomization" time="0.0">
    <ignored/>
  </testcase> <!-- verifyTabCustomization -->
  <testcase classname="com.salesforceseleniumtest.SalesForceAutomationTestScript" name="userMenuDropDown" time="0.0">
    <ignored/>
  </testcase> <!-- userMenuDropDown -->
  <testcase classname="com.salesforceseleniumtest.SalesForceAutomationTestScript1" name="createdContactInTheContactPage" time="0.0">
    <ignored/>
  </testcase> <!-- createdContactInTheContactPage -->
  <testcase classname="com.salesforceseleniumtest.SalesForceAutomationTestScript1" name="blockingEventInCalender" time="0.0">
    <ignored/>
  </testcase> <!-- blockingEventInCalender -->
  <testcase classname="com.salesforceseleniumtest.SalesForceAutomationTestScript" name="validateLoginErrorMessage" time="0.0">
    <ignored/>
  </testcase> <!-- validateLoginErrorMessage -->
  <testcase classname="com.salesforceseleniumtest.SalesForceAutomationTestScript1" name="newButton" time="0.0">
    <ignored/>
  </testcase> <!-- newButton -->
  <testcase classname="com.salesforceseleniumtest.SalesForceAutomationTestScript1" name="defaultView" time="0.0">
    <ignored/>
  </testcase> <!-- defaultView -->
  <testcase classname="com.salesforceseleniumtest.SalesForceAutomationTestScript" name="testOpportunityPipelineReport" time="0.0">
    <ignored/>
  </testcase> <!-- testOpportunityPipelineReport -->
  <testcase classname="com.salesforceseleniumtest.SalesForceAutomationTestScript" name="opportunitiesDropDown" time="0.0">
    <ignored/>
  </testcase> <!-- opportunitiesDropDown -->
  <testcase classname="com.salesforceseleniumtest.SalesForceAutomationTestScript1" name="leadsTab" time="0.0">
    <ignored/>
  </testcase> <!-- leadsTab -->
</testsuite> <!-- chromeTest -->
